
> @anipotts/www@0.1.0 build /Users/anipotts/code/active/websites/anipotts.com/apps/www
> next build

▲ Next.js 16.1.5 (Turbopack)

  Creating an optimized production build ...
✓ Compiled successfully in 2.4s
  Running TypeScript ...
  Collecting page data using 10 workers ...
Error: supabaseUrl is required.
    at <unknown> (.next/server/chunks/e38a9_@supabase_supabase-js_dist_index_mjs_9070ad3b._.js:37:44854)
    at new rs (.next/server/chunks/e38a9_@supabase_supabase-js_dist_index_mjs_9070ad3b._.js:37:45105)
    at ri (.next/server/chunks/e38a9_@supabase_supabase-js_dist_index_mjs_9070ad3b._.js:37:48991)
    at module evaluation (.next/server/chunks/5c56c_next_544e8209._.js:1:18508)
    at instantiateModule (.next/server/chunks/[turbopack]_runtime.js:740:9)
    at instantiateRuntimeModule (.next/server/chunks/[turbopack]_runtime.js:768:12)
    at getOrInstantiateRuntimeModule (.next/server/chunks/[turbopack]_runtime.js:781:12)
    at Object.m (.next/server/chunks/[turbopack]_runtime.js:790:18)
    at Object.<anonymous> (.next/server/app/api/favorite-number/route.js:7:3)

> Build error occurred
Error: Failed to collect page data for /api/favorite-number
    at ignore-listed frames {
  type: 'Error'
}
 ELIFECYCLE  Command failed with exit code 1.
